Build started 2015/11/17 19:11:56.
     1>Project "D:\project1\project1.vcxproj" on node 2 (build target(s)).
     1>InitializeBuildStatus:
         Touching "Debug\project1.unsuccessfulbuild".
       ClCompile:
         C:\Program Files (x86)\Microsoft Visual Studio 10.0\VC\bin\CL.exe /c /ZI /nologo /W3 /WX- /Od /Oy- /D WIN32 /D _DEBUG /D _CONSOLE /D _UNICODE /D UNICODE /Gm /EHsc /RTC1 /MDd /GS /fp:precise /Zc:wchar_t /Zc:forScope /Fo"Debug\\" /Fd"Debug\vc100.pdb" /Gd /TP /analyze- /errorReport:prompt Bool_expr.cpp bdd_tables.cpp main.cpp
         main.cpp
     1>d:\project1\bool_expr_parser.h(58): warning C4290: C++ exception specification ignored except to indicate a function is not __declspec(nothrow)
     1>d:\project1\bool_expr_parser.h(72): warning C4290: C++ exception specification ignored except to indicate a function is not __declspec(nothrow)
     1>d:\project1\bool_expr_parser.h(73): warning C4290: C++ exception specification ignored except to indicate a function is not __declspec(nothrow)
     1>d:\project1\bool_expr_parser.h(74): warning C4290: C++ exception specification ignored except to indicate a function is not __declspec(nothrow)
     1>d:\project1\bool_expr_parser.h(75): warning C4290: C++ exception specification ignored except to indicate a function is not __declspec(nothrow)
     1>d:\project1\bool_expr_parser.h(76): warning C4290: C++ exception specification ignored except to indicate a function is not __declspec(nothrow)
         bdd_tables.cpp
     1>d:\project1\bdd_tables.cpp(19): error C2784: 'bool std::operator <(const std::_Tree<_Traits> &,const std::_Tree<_Traits> &)' : could not deduce template argument for 'const std::_Tree<_Traits> &' from 'const std::string'
                 c:\program files (x86)\microsoft visual studio 10.0\vc\include\xtree(1885) : see declaration of 'std::operator <'
     1>d:\project1\bdd_tables.cpp(19): error C2784: 'bool std::operator <(const std::_Tree<_Traits> &,const std::_Tree<_Traits> &)' : could not deduce template argument for 'const std::_Tree<_Traits> &' from 'const std::string'
                 c:\program files (x86)\microsoft visual studio 10.0\vc\include\xtree(1885) : see declaration of 'std::operator <'
     1>d:\project1\bdd_tables.cpp(19): error C2784: 'bool std::operator <(const std::_Tree<_Traits> &,const std::_Tree<_Traits> &)' : could not deduce template argument for 'const std::_Tree<_Traits> &' from 'const std::string'
                 c:\program files (x86)\microsoft visual studio 10.0\vc\include\xtree(1885) : see declaration of 'std::operator <'
     1>d:\project1\bdd_tables.cpp(19): error C2784: 'bool std::operator <(const std::unique_ptr<_Ty,_Dx> &,const std::unique_ptr<_Ty2,_Dx2> &)' : could not deduce template argument for 'const std::unique_ptr<_Ty,_Dx> &' from 'const std::string'
                 c:\program files (x86)\microsoft visual studio 10.0\vc\include\memory(2582) : see declaration of 'std::operator <'
     1>d:\project1\bdd_tables.cpp(19): error C2784: 'bool std::operator <(const std::unique_ptr<_Ty,_Dx> &,const std::unique_ptr<_Ty2,_Dx2> &)' : could not deduce template argument for 'const std::unique_ptr<_Ty,_Dx> &' from 'const std::string'
                 c:\program files (x86)\microsoft visual studio 10.0\vc\include\memory(2582) : see declaration of 'std::operator <'
     1>d:\project1\bdd_tables.cpp(19): error C2784: 'bool std::operator <(const std::unique_ptr<_Ty,_Dx> &,const std::unique_ptr<_Ty2,_Dx2> &)' : could not deduce template argument for 'const std::unique_ptr<_Ty,_Dx> &' from 'const std::string'
                 c:\program files (x86)\microsoft visual studio 10.0\vc\include\memory(2582) : see declaration of 'std::operator <'
     1>d:\project1\bdd_tables.cpp(19): error C2784: 'bool std::operator <(const std::reverse_iterator<_RanIt> &,const std::reverse_iterator<_RanIt2> &)' : could not deduce template argument for 'const std::reverse_iterator<_RanIt> &' from 'const std::string'
                 c:\program files (x86)\microsoft visual studio 10.0\vc\include\xutility(1356) : see declaration of 'std::operator <'
     1>d:\project1\bdd_tables.cpp(19): error C2784: 'bool std::operator <(const std::reverse_iterator<_RanIt> &,const std::reverse_iterator<_RanIt2> &)' : could not deduce template argument for 'const std::reverse_iterator<_RanIt> &' from 'const std::string'
                 c:\program files (x86)\microsoft visual studio 10.0\vc\include\xutility(1356) : see declaration of 'std::operator <'
     1>d:\project1\bdd_tables.cpp(19): error C2784: 'bool std::operator <(const std::reverse_iterator<_RanIt> &,const std::reverse_iterator<_RanIt2> &)' : could not deduce template argument for 'const std::reverse_iterator<_RanIt> &' from 'const std::string'
                 c:\program files (x86)\microsoft visual studio 10.0\vc\include\xutility(1356) : see declaration of 'std::operator <'
     1>d:\project1\bdd_tables.cpp(19): error C2784: 'bool std::operator <(const std::_Revranit<_RanIt,_Base> &,const std::_Revranit<_RanIt2,_Base2> &)' : could not deduce template argument for 'const std::_Revranit<_RanIt,_Base> &' from 'const std::string'
                 c:\program files (x86)\microsoft visual studio 10.0\vc\include\xutility(1179) : see declaration of 'std::operator <'
     1>d:\project1\bdd_tables.cpp(19): error C2784: 'bool std::operator <(const std::_Revranit<_RanIt,_Base> &,const std::_Revranit<_RanIt2,_Base2> &)' : could not deduce template argument for 'const std::_Revranit<_RanIt,_Base> &' from 'const std::string'
                 c:\program files (x86)\microsoft visual studio 10.0\vc\include\xutility(1179) : see declaration of 'std::operator <'
     1>d:\project1\bdd_tables.cpp(19): error C2784: 'bool std::operator <(const std::_Revranit<_RanIt,_Base> &,const std::_Revranit<_RanIt2,_Base2> &)' : could not deduce template argument for 'const std::_Revranit<_RanIt,_Base> &' from 'const std::string'
                 c:\program files (x86)\microsoft visual studio 10.0\vc\include\xutility(1179) : see declaration of 'std::operator <'
     1>d:\project1\bdd_tables.cpp(19): error C2784: 'bool std::operator <(const std::pair<_Ty1,_Ty2> &,const std::pair<_Ty1,_Ty2> &)' : could not deduce template argument for 'const std::pair<_Ty1,_Ty2> &' from 'const std::string'
                 c:\program files (x86)\microsoft visual studio 10.0\vc\include\utility(318) : see declaration of 'std::operator <'
     1>d:\project1\bdd_tables.cpp(19): error C2784: 'bool std::operator <(const std::pair<_Ty1,_Ty2> &,const std::pair<_Ty1,_Ty2> &)' : could not deduce template argument for 'const std::pair<_Ty1,_Ty2> &' from 'const std::string'
                 c:\program files (x86)\microsoft visual studio 10.0\vc\include\utility(318) : see declaration of 'std::operator <'
     1>d:\project1\bdd_tables.cpp(19): error C2784: 'bool std::operator <(const std::pair<_Ty1,_Ty2> &,const std::pair<_Ty1,_Ty2> &)' : could not deduce template argument for 'const std::pair<_Ty1,_Ty2> &' from 'const std::string'
                 c:\program files (x86)\microsoft visual studio 10.0\vc\include\utility(318) : see declaration of 'std::operator <'
     1>d:\project1\bdd_tables.cpp(19): error C2676: binary '<' : 'const std::string' does not define this operator or a conversion to a type acceptable to the predefined operator
     1>d:\project1\bdd_tables.cpp(20): error C2678: binary '==' : no operator found which takes a left-hand operand of type 'const std::string' (or there is no acceptable conversion)
                 c:\program files (x86)\microsoft visual studio 10.0\vc\include\exception(470): could be 'bool std::operator ==(const std::_Exception_ptr &,const std::_Exception_ptr &)'
                 c:\program files (x86)\microsoft visual studio 10.0\vc\include\exception(475): or       'bool std::operator ==(std::_Null_type,const std::_Exception_ptr &)'
                 c:\program files (x86)\microsoft visual studio 10.0\vc\include\exception(481): or       'bool std::operator ==(const std::_Exception_ptr &,std::_Null_type)'
                 c:\program files (x86)\microsoft visual studio 10.0\vc\include\system_error(408): or       'bool std::operator ==(const std::error_code &,const std::error_condition &)'
                 c:\program files (x86)\microsoft visual studio 10.0\vc\include\system_error(416): or       'bool std::operator ==(const std::error_condition &,const std::error_code &)'
                 while trying to match the argument list '(const std::string, const std::string)'
     1>d:\project1\bdd_tables.cpp(98): error C2679: binary '<<' : no operator found which takes a right-hand operand of type 'const std::string' (or there is no acceptable conversion)
                 c:\program files (x86)\microsoft visual studio 10.0\vc\include\ostream(679): could be 'std::basic_ostream<_Elem,_Traits> &std::operator <<<char,std::char_traits<char>>(std::basic_ostream<_Elem,_Traits> &,const char *)'
                 with
                 [
                     _Elem=char,
                     _Traits=std::char_traits<char>
                 ]
                 c:\program files (x86)\microsoft visual studio 10.0\vc\include\ostream(726): or       'std::basic_ostream<_Elem,_Traits> &std::operator <<<char,std::char_traits<char>>(std::basic_ostream<_Elem,_Traits> &,char)'
                 with
                 [
                     _Elem=char,
                     _Traits=std::char_traits<char>
                 ]
                 c:\program files (x86)\microsoft visual studio 10.0\vc\include\ostream(764): or       'std::basic_ostream<_Elem,_Traits> &std::operator <<<std::char_traits<char>>(std::basic_ostream<_Elem,_Traits> &,const char *)'
                 with
                 [
                     _Elem=char,
                     _Traits=std::char_traits<char>
                 ]
                 c:\program files (x86)\microsoft visual studio 10.0\vc\include\ostream(811): or       'std::basic_ostream<_Elem,_Traits> &std::operator <<<std::char_traits<char>>(std::basic_ostream<_Elem,_Traits> &,char)'
                 with
                 [
                     _Elem=char,
                     _Traits=std::char_traits<char>
                 ]
                 c:\program files (x86)\microsoft visual studio 10.0\vc\include\ostream(937): or       'std::basic_ostream<_Elem,_Traits> &std::operator <<<std::char_traits<char>>(std::basic_ostream<_Elem,_Traits> &,const signed char *)'
                 with
                 [
                     _Elem=char,
                     _Traits=std::char_traits<char>
                 ]
                 c:\program files (x86)\microsoft visual studio 10.0\vc\include\ostream(944): or       'std::basic_ostream<_Elem,_Traits> &std::operator <<<std::char_traits<char>>(std::basic_ostream<_Elem,_Traits> &,signed char)'
                 with
                 [
                     _Elem=char,
                     _Traits=std::char_traits<char>
                 ]
                 c:\program files (x86)\microsoft visual studio 10.0\vc\include\ostream(951): or       'std::basic_ostream<_Elem,_Traits> &std::operator <<<std::char_traits<char>>(std::basic_ostream<_Elem,_Traits> &,const unsigned char *)'
                 with
                 [
                     _Elem=char,
                     _Traits=std::char_traits<char>
                 ]
                 c:\program files (x86)\microsoft visual studio 10.0\vc\include\ostream(958): or       'std::basic_ostream<_Elem,_Traits> &std::operator <<<std::char_traits<char>>(std::basic_ostream<_Elem,_Traits> &,unsigned char)'
                 with
                 [
                     _Elem=char,
                     _Traits=std::char_traits<char>
                 ]
                 c:\program files (x86)\microsoft visual studio 10.0\vc\include\ostream(968): or       'std::basic_ostream<_Elem,_Traits> &std::operator <<<char,std::char_traits<char>,std::string>(std::basic_ostream<_Elem,_Traits> &&,_Ty)'
                 with
                 [
                     _Elem=char,
                     _Traits=std::char_traits<char>,
                     _Ty=std::string
                 ]
                 c:\program files (x86)\microsoft visual studio 10.0\vc\include\ostream(1085): or       'std::basic_ostream<_Elem,_Traits> &std::operator <<<char,std::char_traits<char>>(std::basic_ostream<_Elem,_Traits> &,const std::error_code &)'
                 with
                 [
                     _Elem=char,
                     _Traits=std::char_traits<char>
                 ]
                 d:\project1\bdd_node.h(96): or       'std::ostream &operator <<(std::ostream &,bdd_ptr)'
                 d:\project1\bdd_tables.cpp(96): or       'std::ostream &operator <<(std::ostream &,const computed_table_key &)'
                 c:\program files (x86)\microsoft visual studio 10.0\vc\include\ostream(186): or       'std::basic_ostream<_Elem,_Traits> &std::basic_ostream<_Elem,_Traits>::operator <<(std::basic_ostream<_Elem,_Traits> &(__cdecl *)(std::basic_ostream<_Elem,_Traits> &))'
                 with
                 [
                     _Elem=char,
                     _Traits=std::char_traits<char>
                 ]
                 c:\program files (x86)\microsoft visual studio 10.0\vc\include\ostream(192): or       'std::basic_ostream<_Elem,_Traits> &std::basic_ostream<_Elem,_Traits>::operator <<(std::basic_ios<_Elem,_Traits> &(__cdecl *)(std::basic_ios<_Elem,_Traits> &))'
                 with
                 [
                     _Elem=char,
                     _Traits=std::char_traits<char>
                 ]
                 c:\program files (x86)\microsoft visual studio 10.0\vc\include\ostream(199): or       'std::basic_ostream<_Elem,_Traits> &std::basic_ostream<_Elem,_Traits>::operator <<(std::ios_base &(__cdecl *)(std::ios_base &))'
                 with
                 [
                     _Elem=char,
                     _Traits=std::char_traits<char>
                 ]
                 c:\program files (x86)\microsoft visual studio 10.0\vc\include\ostream(206): or       'std::basic_ostream<_Elem,_Traits> &std::basic_ostream<_Elem,_Traits>::operator <<(std::_Bool)'
                 with
                 [
                     _Elem=char,
                     _Traits=std::char_traits<char>
                 ]
                 c:\program files (x86)\microsoft visual studio 10.0\vc\include\ostream(226): or       'std::basic_ostream<_Elem,_Traits> &std::basic_ostream<_Elem,_Traits>::operator <<(short)'
                 with
                 [
                     _Elem=char,
                     _Traits=std::char_traits<char>
                 ]
                 c:\program files (x86)\microsoft visual studio 10.0\vc\include\ostream(260): or       'std::basic_ostream<_Elem,_Traits> &std::basic_ostream<_Elem,_Traits>::operator <<(unsigned short)'
                 with
                 [
                     _Elem=char,
                     _Traits=std::char_traits<char>
                 ]
                 c:\program files (x86)\microsoft visual studio 10.0\vc\include\ostream(280): or       'std::basic_ostream<_Elem,_Traits> &std::basic_ostream<_Elem,_Traits>::operator <<(int)'
                 with
                 [
                     _Elem=char,
                     _Traits=std::char_traits<char>
                 ]
                 c:\program files (x86)\microsoft visual studio 10.0\vc\include\ostream(305): or       'std::basic_ostream<_Elem,_Traits> &std::basic_ostream<_Elem,_Traits>::operator <<(unsigned int)'
                 with
                 [
                     _Elem=char,
                     _Traits=std::char_traits<char>
                 ]
                 c:\program files (x86)\microsoft visual studio 10.0\vc\include\ostream(325): or       'std::basic_ostream<_Elem,_Traits> &std::basic_ostream<_Elem,_Traits>::operator <<(long)'
                 with
                 [
                     _Elem=char,
                     _Traits=std::char_traits<char>
                 ]
                 c:\program files (x86)\microsoft visual studio 10.0\vc\include\ostream(345): or       'std::basic_ostream<_Elem,_Traits> &std::basic_ostream<_Elem,_Traits>::operator <<(unsigned long)'
                 with
                 [
                     _Elem=char,
                     _Traits=std::char_traits<char>
                 ]
                 c:\program files (x86)\microsoft visual studio 10.0\vc\include\ostream(366): or       'std::basic_ostream<_Elem,_Traits> &std::basic_ostream<_Elem,_Traits>::operator <<(__int64)'
                 with
                 [
                     _Elem=char,
                     _Traits=std::char_traits<char>
                 ]
                 c:\program files (x86)\microsoft visual studio 10.0\vc\include\ostream(386): or       'std::basic_ostream<_Elem,_Traits> &std::basic_ostream<_Elem,_Traits>::operator <<(unsigned __int64)'
                 with
                 [
                     _Elem=char,
                     _Traits=std::char_traits<char>
                 ]
                 c:\program files (x86)\microsoft visual studio 10.0\vc\include\ostream(407): or       'std::basic_ostream<_Elem,_Traits> &std::basic_ostream<_Elem,_Traits>::operator <<(float)'
                 with
                 [
                     _Elem=char,
                     _Traits=std::char_traits<char>
                 ]
                 c:\program files (x86)\microsoft visual studio 10.0\vc\include\ostream(427): or       'std::basic_ostream<_Elem,_Traits> &std::basic_ostream<_Elem,_Traits>::operator <<(double)'
                 with
                 [
                     _Elem=char,
                     _Traits=std::char_traits<char>
                 ]
                 c:\program files (x86)\microsoft visual studio 10.0\vc\include\ostream(447): or       'std::basic_ostream<_Elem,_Traits> &std::basic_ostream<_Elem,_Traits>::operator <<(long double)'
                 with
                 [
                     _Elem=char,
                     _Traits=std::char_traits<char>
                 ]
                 c:\program files (x86)\microsoft visual studio 10.0\vc\include\ostream(467): or       'std::basic_ostream<_Elem,_Traits> &std::basic_ostream<_Elem,_Traits>::operator <<(const void *)'
                 with
                 [
                     _Elem=char,
                     _Traits=std::char_traits<char>
                 ]
                 c:\program files (x86)\microsoft visual studio 10.0\vc\include\ostream(487): or       'std::basic_ostream<_Elem,_Traits> &std::basic_ostream<_Elem,_Traits>::operator <<(std::basic_streambuf<_Elem,_Traits> *)'
                 with
                 [
                     _Elem=char,
                     _Traits=std::char_traits<char>
                 ]
                 while trying to match the argument list '(std::basic_ostream<_Elem,_Traits>, const std::string)'
                 with
                 [
                     _Elem=char,
                     _Traits=std::char_traits<char>
                 ]
         Bool_expr.cpp
     1>d:\project1\bool_expr.cpp(24): fatal error C1189: #error :  "This file is only meant to be included by Bool_expr.h"
         Generating Code...
     1>Done Building Project "D:\project1\project1.vcxproj" (build target(s)) -- FAILED.

Build FAILED.

Time Elapsed 00:00:00.98
